FrontEnd/AppFood/app/build/intermediates/manifest_merge_blame_file/debug/manifest-merger-blame-debug-report.txt
1<?xml version="1.0" encoding="utf-8"?>
2<manifest xmlns:android="http://schemas.android.com/apk/res/android"
3    package="com.myappfood.appfood"
4    android:versionCode="1"
5    android:versionName="1.0" >
6
7    <uses-sdk
8        android:minSdkVersion="23"
8-->src\main\AndroidManifest.xml
9        android:targetSdkVersion="32" />
9-->src\main\AndroidManifest.xml
10
11    <uses-permission android:name="android.permission.INTERNET" />
11-->[com.daimajia.slider:library:1.1.5] AndroidManifest.xml:11:5-67
11-->[com.daimajia.slider:library:1.1.5] AndroidManifest.xml:11:22-64
12    <uses-permission android:name="android.permission.WRITE_EXTERNAL_STORAGE" />
12-->[com.daimajia.slider:library:1.1.5] AndroidManifest.xml:12:5-81
12-->[com.daimajia.slider:library:1.1.5] AndroidManifest.xml:12:22-78
13    <uses-permission android:name="android.permission.READ_EXTERNAL_STORAGE" />
14    <uses-permission android:name="android.permission.ACCESS_NETWORK_STATE" />
14-->[com.paypal.sdk:paypal-android-sdk:2.16.0] AndroidManifest.xml:9:5-79
14-->[com.paypal.sdk:paypal-android-sdk:2.16.0] AndroidManifest.xml:9:22-76
15    <uses-permission android:name="android.permission.POST_NOTIFICATIONS" />
15-->[com.google.firebase:firebase-messaging:23.0.7] AndroidManifest.xml:26:5-77
15-->[com.google.firebase:firebase-messaging:23.0.7] AndroidManifest.xml:26:22-74
16    <uses-permission android:name="android.permission.WAKE_LOCK" /> <!-- Required by older versions of Google Play services to create IID tokens -->
16-->[com.google.firebase:firebase-messaging:23.0.7] AndroidManifest.xml:27:5-68
16-->[com.google.firebase:firebase-messaging:23.0.7] AndroidManifest.xml:27:22-65
17    <uses-permission android:name="com.google.android.c2dm.permission.RECEIVE" />
17-->[com.google.firebase:firebase-messaging:23.0.7] AndroidManifest.xml:29:5-82
17-->[com.google.firebase:firebase-messaging:23.0.7] AndroidManifest.xml:29:22-79
18    <uses-permission android:name="com.google.android.gms.permission.AD_ID" />
18-->[com.google.android.gms:play-services-measurement-api:21.1.0] AndroidManifest.xml:25:5-79
18-->[com.google.android.gms:play-services-measurement-api:21.1.0] AndroidManifest.xml:25:22-76
19    <uses-permission android:name="com.google.android.finsky.permission.BIND_GET_INSTALL_REFERRER_SERVICE" />
19-->[com.google.android.gms:play-services-measurement:21.1.0] AndroidManifest.xml:26:5-110
19-->[com.google.android.gms:play-services-measurement:21.1.0] AndroidManifest.xml:26:22-107
20
21    <uses-feature
21-->[com.google.android.gms:play-services-maps:17.0.0] AndroidManifest.xml:26:5-28:35
22        android:glEsVersion="0x00020000"
22-->[com.google.android.gms:play-services-maps:17.0.0] AndroidManifest.xml:27:9-41
23        android:required="true" />
23-->[com.google.android.gms:play-services-maps:17.0.0] AndroidManifest.xml:28:9-32
24
25    <uses-permission android:name="android.permission.CAMERA" />
25-->[io.card:android-sdk:5.5.1] AndroidManifest.xml:9:5-65
25-->[io.card:android-sdk:5.5.1] AndroidManifest.xml:9:22-62
26    <uses-permission android:name="android.permission.VIBRATE" />
26-->[io.card:android-sdk:5.5.1] AndroidManifest.xml:10:5-66
26-->[io.card:android-sdk:5.5.1] AndroidManifest.xml:10:22-63
27
28    <uses-feature
28-->[io.card:android-sdk:5.5.1] AndroidManifest.xml:12:5-14:36
29        android:name="android.hardware.camera"
29-->[io.card:android-sdk:5.5.1] AndroidManifest.xml:13:9-47
30        android:required="false" />
30-->[io.card:android-sdk:5.5.1] AndroidManifest.xml:14:9-33
31    <uses-feature
31-->[io.card:android-sdk:5.5.1] AndroidManifest.xml:15:5-17:36
32        android:name="android.hardware.camera.autofocus"
32-->[io.card:android-sdk:5.5.1] AndroidManifest.xml:16:9-57
33        android:required="false" />
33-->[io.card:android-sdk:5.5.1] AndroidManifest.xml:17:9-33
34
35    <application
35-->src\main\AndroidManifest.xml:5:5-29:19
36        android:allowBackup="true"
36-->src\main\AndroidManifest.xml:6:9-35
37        android:appComponentFactory="androidx.core.app.CoreComponentFactory"
37-->[androidx.core:core:1.8.0] AndroidManifest.xml:24:18-86
38        android:dataExtractionRules="@xml/data_extraction_rules"
38-->src\main\AndroidManifest.xml:7:9-65
39        android:debuggable="true"
40        android:extractNativeLibs="false"
41        android:fullBackupContent="@xml/backup_rules"
41-->src\main\AndroidManifest.xml:8:9-54
42        android:icon="@mipmap/ic_launcher"
42-->src\main\AndroidManifest.xml:12:9-43
43        android:label="@string/app_name"
43-->src\main\AndroidManifest.xml:13:9-41
44        android:roundIcon="@mipmap/ic_launcher_round"
44-->src\main\AndroidManifest.xml:9:9-54
45        android:supportsRtl="true"
45-->src\main\AndroidManifest.xml:10:9-35
46        android:testOnly="true"
47        android:theme="@style/Theme.AppFood" >
47-->src\main\AndroidManifest.xml:11:9-45
48        <activity
48-->src\main\AndroidManifest.xml:16:9-28:20
49            android:name="com.myappfood.appfood.ViewHolder.Signin"
49-->src\main\AndroidManifest.xml:17:13-46
50            android:exported="true" >
50-->src\main\AndroidManifest.xml:18:13-36
51            <intent-filter>
51-->src\main\AndroidManifest.xml:19:13-23:29
52                <action android:name="android.intent.action.MAIN" />
52-->src\main\AndroidManifest.xml:20:17-69
52-->src\main\AndroidManifest.xml:20:25-66
53
54                <category android:name="android.intent.category.LAUNCHER" />
54-->src\main\AndroidManifest.xml:22:17-77
54-->src\main\AndroidManifest.xml:22:27-74
55            </intent-filter>
56
57            <meta-data
57-->src\main\AndroidManifest.xml:25:13-27:36
58                android:name="android.app.lib_name"
58-->src\main\AndroidManifest.xml:26:17-52
59                android:value="" />
59-->src\main\AndroidManifest.xml:27:17-33
60        </activity>
61        <activity android:name="com.paypal.android.sdk.payments.PaymentActivity" />
61-->[com.paypal.sdk:paypal-android-sdk:2.16.0] AndroidManifest.xml:13:9-84
61-->[com.paypal.sdk:paypal-android-sdk:2.16.0] AndroidManifest.xml:13:19-81
62        <activity android:name="com.paypal.android.sdk.payments.PaymentMethodActivity" />
62-->[com.paypal.sdk:paypal-android-sdk:2.16.0] AndroidManifest.xml:14:9-90
62-->[com.paypal.sdk:paypal-android-sdk:2.16.0] AndroidManifest.xml:14:19-87
63        <activity android:name="com.paypal.android.sdk.payments.PaymentConfirmActivity" />
63-->[com.paypal.sdk:paypal-android-sdk:2.16.0] AndroidManifest.xml:15:9-91
63-->[com.paypal.sdk:paypal-android-sdk:2.16.0] AndroidManifest.xml:15:19-88
64        <activity android:name="com.paypal.android.sdk.payments.LoginActivity" />
64-->[com.paypal.sdk:paypal-android-sdk:2.16.0] AndroidManifest.xml:16:9-82
64-->[com.paypal.sdk:paypal-android-sdk:2.16.0] AndroidManifest.xml:16:19-79
65        <activity android:name="com.paypal.android.sdk.payments.PayPalFuturePaymentActivity" />
65-->[com.paypal.sdk:paypal-android-sdk:2.16.0] AndroidManifest.xml:17:9-96
65-->[com.paypal.sdk:paypal-android-sdk:2.16.0] AndroidManifest.xml:17:19-93
66        <activity android:name="com.paypal.android.sdk.payments.FuturePaymentConsentActivity" />
66-->[com.paypal.sdk:paypal-android-sdk:2.16.0] AndroidManifest.xml:18:9-97
66-->[com.paypal.sdk:paypal-android-sdk:2.16.0] AndroidManifest.xml:18:19-94
67        <activity android:name="com.paypal.android.sdk.payments.FuturePaymentInfoActivity" />
67-->[com.paypal.sdk:paypal-android-sdk:2.16.0] AndroidManifest.xml:19:9-94
67-->[com.paypal.sdk:paypal-android-sdk:2.16.0] AndroidManifest.xml:19:19-91
68        <activity android:name="com.paypal.android.sdk.payments.PayPalProfileSharingActivity" />
68-->[com.paypal.sdk:paypal-android-sdk:2.16.0] AndroidManifest.xml:20:9-97
68-->[com.paypal.sdk:paypal-android-sdk:2.16.0] AndroidManifest.xml:20:19-94
69        <activity android:name="com.paypal.android.sdk.payments.ProfileSharingConsentActivity" />
69-->[com.paypal.sdk:paypal-android-sdk:2.16.0] AndroidManifest.xml:21:9-98
69-->[com.paypal.sdk:paypal-android-sdk:2.16.0] AndroidManifest.xml:21:19-95
70
71        <service
71-->[com.paypal.sdk:paypal-android-sdk:2.16.0] AndroidManifest.xml:23:9-25:40
72            android:name="com.paypal.android.sdk.payments.PayPalService"
72-->[com.paypal.sdk:paypal-android-sdk:2.16.0] AndroidManifest.xml:24:13-73
73            android:exported="false" />
73-->[com.paypal.sdk:paypal-android-sdk:2.16.0] AndroidManifest.xml:25:13-37
74
75        <meta-data
75-->[com.firebaseui:firebase-ui-auth:8.0.0] AndroidManifest.xml:14:9-16:69
76            android:name="com.google.android.gms.version"
76-->[com.firebaseui:firebase-ui-auth:8.0.0] AndroidManifest.xml:15:13-58
77            android:value="@integer/google_play_services_version" />
77-->[com.firebaseui:firebase-ui-auth:8.0.0] AndroidManifest.xml:16:13-66
78        <meta-data
78-->[com.firebaseui:firebase-ui-auth:8.0.0] AndroidManifest.xml:17:9-19:63
79            android:name="com.facebook.sdk.ApplicationId"
79-->[com.firebaseui:firebase-ui-auth:8.0.0] AndroidManifest.xml:18:13-58
80            android:value="@string/facebook_application_id" />
80-->[com.firebaseui:firebase-ui-auth:8.0.0] AndroidManifest.xml:19:13-60
81
82        <activity
82-->[com.firebaseui:firebase-ui-auth:8.0.0] AndroidManifest.xml:21:9-25:61
83            android:name="com.firebase.ui.auth.KickoffActivity"
83-->[com.firebaseui:firebase-ui-auth:8.0.0] AndroidManifest.xml:22:13-64
84            android:exported="false"
84-->[com.firebaseui:firebase-ui-auth:8.0.0] AndroidManifest.xml:23:13-37
85            android:label=""
85-->[com.firebaseui:firebase-ui-auth:8.0.0] AndroidManifest.xml:24:13-29
86            android:theme="@style/FirebaseUI.Transparent" />
86-->[com.firebaseui:firebase-ui-auth:8.0.0] AndroidManifest.xml:25:13-58
87        <activity
87-->[com.firebaseui:firebase-ui-auth:8.0.0] AndroidManifest.xml:26:9-30:61
88            android:name="com.firebase.ui.auth.ui.idp.SingleSignInActivity"
88-->[com.firebaseui:firebase-ui-auth:8.0.0] AndroidManifest.xml:27:13-76
89            android:exported="false"
89-->[com.firebaseui:firebase-ui-auth:8.0.0] AndroidManifest.xml:28:13-37
90            android:label=""
90-->[com.firebaseui:firebase-ui-auth:8.0.0] AndroidManifest.xml:29:13-29
91            android:theme="@style/FirebaseUI.Transparent" />
91-->[com.firebaseui:firebase-ui-auth:8.0.0] AndroidManifest.xml:30:13-58
92        <activity
92-->[com.firebaseui:firebase-ui-auth:8.0.0] AndroidManifest.xml:31:9-35:61
93            android:name="com.firebase.ui.auth.ui.credentials.CredentialSaveActivity"
93-->[com.firebaseui:firebase-ui-auth:8.0.0] AndroidManifest.xml:32:13-86
94            android:exported="false"
94-->[com.firebaseui:firebase-ui-auth:8.0.0] AndroidManifest.xml:33:13-37
95            android:label=""
95-->[com.firebaseui:firebase-ui-auth:8.0.0] AndroidManifest.xml:34:13-29
96            android:theme="@style/FirebaseUI.Transparent" />
96-->[com.firebaseui:firebase-ui-auth:8.0.0] AndroidManifest.xml:35:13-58
97        <activity
97-->[com.firebaseui:firebase-ui-auth:8.0.0] AndroidManifest.xml:36:9-40:58
98            android:name="com.firebase.ui.auth.ui.email.RecoverPasswordActivity"
98-->[com.firebaseui:firebase-ui-auth:8.0.0] AndroidManifest.xml:37:13-81
99            android:exported="false"
99-->[com.firebaseui:firebase-ui-auth:8.0.0] AndroidManifest.xml:38:13-37
100            android:label="@string/fui_title_recover_password_activity"
100-->[com.firebaseui:firebase-ui-auth:8.0.0] AndroidManifest.xml:39:13-72
101            android:windowSoftInputMode="adjustResize" />
101-->[com.firebaseui:firebase-ui-auth:8.0.0] AndroidManifest.xml:40:13-55
102        <activity
102-->[com.firebaseui:firebase-ui-auth:8.0.0] AndroidManifest.xml:41:9-45:58
103            android:name="com.firebase.ui.auth.ui.email.EmailActivity"
103-->[com.firebaseui:firebase-ui-auth:8.0.0] AndroidManifest.xml:42:13-71
104            android:exported="false"
104-->[com.firebaseui:firebase-ui-auth:8.0.0] AndroidManifest.xml:43:13-37
105            android:label="@string/fui_sign_in_default"
105-->[com.firebaseui:firebase-ui-auth:8.0.0] AndroidManifest.xml:44:13-56
106            android:windowSoftInputMode="adjustResize" />
106-->[com.firebaseui:firebase-ui-auth:8.0.0] AndroidManifest.xml:45:13-55
107        <activity
107-->[com.firebaseui:firebase-ui-auth:8.0.0] AndroidManifest.xml:46:9-50:77
108            android:name="com.firebase.ui.auth.ui.phone.PhoneActivity"
108-->[com.firebaseui:firebase-ui-auth:8.0.0] AndroidManifest.xml:47:13-71
109            android:exported="false"
109-->[com.firebaseui:firebase-ui-auth:8.0.0] AndroidManifest.xml:48:13-37
110            android:label="@string/fui_sign_in_with_phone_number"
110-->[com.firebaseui:firebase-ui-auth:8.0.0] AndroidManifest.xml:49:13-66
111            android:windowSoftInputMode="adjustResize|stateAlwaysVisible" />
111-->[com.firebaseui:firebase-ui-auth:8.0.0] AndroidManifest.xml:50:13-74
112        <activity
112-->[com.firebaseui:firebase-ui-auth:8.0.0] AndroidManifest.xml:51:9-55:58
113            android:name="com.firebase.ui.auth.ui.idp.WelcomeBackIdpPrompt"
113-->[com.firebaseui:firebase-ui-auth:8.0.0] AndroidManifest.xml:52:13-76
114            android:exported="false"
114-->[com.firebaseui:firebase-ui-auth:8.0.0] AndroidManifest.xml:53:13-37
115            android:label="@string/fui_title_welcome_back_idp_prompt"
115-->[com.firebaseui:firebase-ui-auth:8.0.0] AndroidManifest.xml:54:13-70
116            android:windowSoftInputMode="adjustResize" />
116-->[com.firebaseui:firebase-ui-auth:8.0.0] AndroidManifest.xml:55:13-55
117        <activity
117-->[com.firebaseui:firebase-ui-auth:8.0.0] AndroidManifest.xml:56:9-60:58
118            android:name="com.firebase.ui.auth.ui.email.WelcomeBackPasswordPrompt"
118-->[com.firebaseui:firebase-ui-auth:8.0.0] AndroidManifest.xml:57:13-83
119            android:exported="false"
119-->[com.firebaseui:firebase-ui-auth:8.0.0] AndroidManifest.xml:58:13-37
120            android:label="@string/fui_title_welcome_back_password_prompt"
120-->[com.firebaseui:firebase-ui-auth:8.0.0] AndroidManifest.xml:59:13-75
121            android:windowSoftInputMode="adjustResize" />
121-->[com.firebaseui:firebase-ui-auth:8.0.0] AndroidManifest.xml:60:13-55
122        <activity
122-->[com.firebaseui:firebase-ui-auth:8.0.0] AndroidManifest.xml:61:9-65:58
123            android:name="com.firebase.ui.auth.ui.email.WelcomeBackEmailLinkPrompt"
123-->[com.firebaseui:firebase-ui-auth:8.0.0] AndroidManifest.xml:62:13-84
124            android:exported="false"
124-->[com.firebaseui:firebase-ui-auth:8.0.0] AndroidManifest.xml:63:13-37
125            android:label="@string/fui_title_welcome_back_password_prompt"
125-->[com.firebaseui:firebase-ui-auth:8.0.0] AndroidManifest.xml:64:13-75
126            android:windowSoftInputMode="adjustResize" />
126-->[com.firebaseui:firebase-ui-auth:8.0.0] AndroidManifest.xml:65:13-55
127        <activity
127-->[com.firebaseui:firebase-ui-auth:8.0.0] AndroidManifest.xml:66:9-71:58
128            android:name="com.firebase.ui.auth.ui.email.EmailLinkCatcherActivity"
128-->[com.firebaseui:firebase-ui-auth:8.0.0] AndroidManifest.xml:67:13-82
129            android:exported="false"
129-->[com.firebaseui:firebase-ui-auth:8.0.0] AndroidManifest.xml:68:13-37
130            android:label=""
130-->[com.firebaseui:firebase-ui-auth:8.0.0] AndroidManifest.xml:69:13-29
131            android:theme="@style/FirebaseUI.Transparent"
131-->[com.firebaseui:firebase-ui-auth:8.0.0] AndroidManifest.xml:70:13-58
132            android:windowSoftInputMode="adjustResize" />
132-->[com.firebaseui:firebase-ui-auth:8.0.0] AndroidManifest.xml:71:13-55
133        <activity
133-->[com.firebaseui:firebase-ui-auth:8.0.0] AndroidManifest.xml:72:9-76:58
134            android:name="com.firebase.ui.auth.ui.email.EmailLinkErrorRecoveryActivity"
134-->[com.firebaseui:firebase-ui-auth:8.0.0] AndroidManifest.xml:73:13-88
135            android:exported="false"
135-->[com.firebaseui:firebase-ui-auth:8.0.0] AndroidManifest.xml:74:13-37
136            android:label="@string/fui_sign_in_default"
136-->[com.firebaseui:firebase-ui-auth:8.0.0] AndroidManifest.xml:75:13-56
137            android:windowSoftInputMode="adjustResize" />
137-->[com.firebaseui:firebase-ui-auth:8.0.0] AndroidManifest.xml:76:13-55
138        <activity
138-->[com.firebaseui:firebase-ui-auth:8.0.0] AndroidManifest.xml:77:9-80:65
139            android:name="com.firebase.ui.auth.ui.idp.AuthMethodPickerActivity"
139-->[com.firebaseui:firebase-ui-auth:8.0.0] AndroidManifest.xml:78:13-80
140            android:exported="false"
140-->[com.firebaseui:firebase-ui-auth:8.0.0] AndroidManifest.xml:79:13-37
141            android:label="@string/fui_default_toolbar_title" />
141-->[com.firebaseui:firebase-ui-auth:8.0.0] AndroidManifest.xml:80:13-62
142        <activity
142-->[com.firebaseui:firebase-ui-auth:8.0.0] AndroidManifest.xml:81:9-85:48
143            android:name="com.facebook.FacebookActivity"
143-->[com.firebaseui:firebase-ui-auth:8.0.0] AndroidManifest.xml:82:13-57
144            android:configChanges="keyboard|keyboardHidden|screenLayout|screenSize|orientation"
144-->[com.firebaseui:firebase-ui-auth:8.0.0] AndroidManifest.xml:83:13-96
145            android:label="@string/app_name"
145-->[com.firebaseui:firebase-ui-auth:8.0.0] AndroidManifest.xml:84:13-45
146            android:theme="@style/com_facebook_activity_theme" />
146-->[com.facebook.android:facebook-common:4.40.0] AndroidManifest.xml:32:13-63
147        <activity
147-->[com.firebaseui:firebase-ui-auth:8.0.0] AndroidManifest.xml:86:9-98:20
148            android:name="com.facebook.CustomTabActivity"
148-->[com.firebaseui:firebase-ui-auth:8.0.0] AndroidManifest.xml:87:13-58
149            android:exported="true" >
149-->[com.firebaseui:firebase-ui-auth:8.0.0] AndroidManifest.xml:88:13-36
150            <intent-filter>
150-->[com.firebaseui:firebase-ui-auth:8.0.0] AndroidManifest.xml:90:13-97:29
151                <action android:name="android.intent.action.VIEW" />
151-->[com.firebaseui:firebase-ui-auth:8.0.0] AndroidManifest.xml:91:17-69
151-->[com.firebaseui:firebase-ui-auth:8.0.0] AndroidManifest.xml:91:25-66
152
153                <category android:name="android.intent.category.DEFAULT" />
153-->[com.firebaseui:firebase-ui-auth:8.0.0] AndroidManifest.xml:93:17-76
153-->[com.firebaseui:firebase-ui-auth:8.0.0] AndroidManifest.xml:93:27-73
154                <category android:name="android.intent.category.BROWSABLE" />
154-->[com.firebaseui:firebase-ui-auth:8.0.0] AndroidManifest.xml:94:17-78
154-->[com.firebaseui:firebase-ui-auth:8.0.0] AndroidManifest.xml:94:27-75
155
156                <data android:scheme="@string/facebook_login_protocol_scheme" />
156-->[com.firebaseui:firebase-ui-auth:8.0.0] AndroidManifest.xml:96:17-81
156-->[com.firebaseui:firebase-ui-auth:8.0.0] AndroidManifest.xml:96:23-78
157            </intent-filter>
158        </activity>
159
160        <provider
160-->[com.firebaseui:firebase-ui-auth:8.0.0] AndroidManifest.xml:100:9-104:38
161            android:name="com.firebase.ui.auth.data.client.AuthUiInitProvider"
161-->[com.firebaseui:firebase-ui-auth:8.0.0] AndroidManifest.xml:101:13-79
162            android:authorities="com.myappfood.appfood.authuiinitprovider"
162-->[com.firebaseui:firebase-ui-auth:8.0.0] AndroidManifest.xml:102:13-70
163            android:exported="false"
163-->[com.firebaseui:firebase-ui-auth:8.0.0] AndroidManifest.xml:103:13-37
164            android:initOrder="90" />
164-->[com.firebaseui:firebase-ui-auth:8.0.0] AndroidManifest.xml:104:13-35
165
166        <activity android:name="com.facebook.CustomTabMainActivity" />
166-->[com.facebook.android:facebook-common:4.40.0] AndroidManifest.xml:33:9-71
166-->[com.facebook.android:facebook-common:4.40.0] AndroidManifest.xml:33:19-68
167
168        <receiver
168-->[com.google.firebase:firebase-messaging:23.0.7] AndroidManifest.xml:32:9-39:20
169            android:name="com.google.firebase.iid.FirebaseInstanceIdReceiver"
169-->[com.google.firebase:firebase-messaging:23.0.7] AndroidManifest.xml:33:13-78
170            android:exported="true"
170-->[com.google.firebase:firebase-messaging:23.0.7] AndroidManifest.xml:34:13-36
171            android:permission="com.google.android.c2dm.permission.SEND" >
171-->[com.google.firebase:firebase-messaging:23.0.7] AndroidManifest.xml:35:13-73
172            <intent-filter>
172-->[com.google.firebase:firebase-messaging:23.0.7] AndroidManifest.xml:36:13-38:29
173                <action android:name="com.google.android.c2dm.intent.RECEIVE" />
173-->[com.google.firebase:firebase-messaging:23.0.7] AndroidManifest.xml:37:17-81
173-->[com.google.firebase:firebase-messaging:23.0.7] AndroidManifest.xml:37:25-78
174            </intent-filter>
175        </receiver>
176        <!--
177             FirebaseMessagingService performs security checks at runtime,
178             but set to not exported to explicitly avoid allowing another app to call it.
179        -->
180        <service
180-->[com.google.firebase:firebase-messaging:23.0.7] AndroidManifest.xml:45:9-52:19
181            android:name="com.google.firebase.messaging.FirebaseMessagingService"
181-->[com.google.firebase:firebase-messaging:23.0.7] AndroidManifest.xml:46:13-82
182            android:directBootAware="true"
182-->[com.google.firebase:firebase-messaging:23.0.7] AndroidManifest.xml:47:13-43
183            android:exported="false" >
183-->[com.google.firebase:firebase-messaging:23.0.7] AndroidManifest.xml:48:13-37
184            <intent-filter android:priority="-500" >
184-->[com.google.firebase:firebase-messaging:23.0.7] AndroidManifest.xml:49:13-51:29
184-->[com.google.firebase:firebase-messaging:23.0.7] AndroidManifest.xml:49:28-51
185                <action android:name="com.google.firebase.MESSAGING_EVENT" />
185-->[com.google.firebase:firebase-messaging:23.0.7] AndroidManifest.xml:50:17-78
185-->[com.google.firebase:firebase-messaging:23.0.7] AndroidManifest.xml:50:25-75
186            </intent-filter>
187        </service>
188        <service
188-->[com.google.firebase:firebase-messaging:23.0.7] AndroidManifest.xml:53:9-59:19
189            android:name="com.google.firebase.components.ComponentDiscoveryService"
189-->[com.google.firebase:firebase-messaging:23.0.7] AndroidManifest.xml:54:13-84
190            android:directBootAware="true"
190-->[com.google.firebase:firebase-common:20.1.1] AndroidManifest.xml:35:13-43
191            android:exported="false" >
191-->[com.google.firebase:firebase-messaging:23.0.7] AndroidManifest.xml:55:13-37
192            <meta-data
192-->[com.google.firebase:firebase-messaging:23.0.7] AndroidManifest.xml:56:13-58:85
193                android:name="com.google.firebase.components:com.google.firebase.messaging.FirebaseMessagingRegistrar"
193-->[com.google.firebase:firebase-messaging:23.0.7] AndroidManifest.xml:57:17-119
194                android:value="com.google.firebase.components.ComponentRegistrar" />
194-->[com.google.firebase:firebase-messaging:23.0.7] AndroidManifest.xml:58:17-82
195            <meta-data
195-->[com.google.firebase:firebase-database:20.0.5] AndroidManifest.xml:32:13-34:85
196                android:name="com.google.firebase.components:com.google.firebase.database.DatabaseRegistrar"
196-->[com.google.firebase:firebase-database:20.0.5] AndroidManifest.xml:33:17-109
197                android:value="com.google.firebase.components.ComponentRegistrar" />
197-->[com.google.firebase:firebase-database:20.0.5] AndroidManifest.xml:34:17-82
198            <meta-data
198-->[com.google.firebase:firebase-auth:21.0.6] AndroidManifest.xml:67:13-69:85
199                android:name="com.google.firebase.components:com.google.firebase.auth.FirebaseAuthRegistrar"
199-->[com.google.firebase:firebase-auth:21.0.6] AndroidManifest.xml:68:17-109
200                android:value="com.google.firebase.components.ComponentRegistrar" />
200-->[com.google.firebase:firebase-auth:21.0.6] AndroidManifest.xml:69:17-82
201            <meta-data
201-->[com.google.firebase:firebase-firestore:24.2.1] AndroidManifest.xml:20:13-22:85
202                android:name="com.google.firebase.components:com.google.firebase.firestore.FirestoreRegistrar"
202-->[com.google.firebase:firebase-firestore:24.2.1] AndroidManifest.xml:21:17-111
203                android:value="com.google.firebase.components.ComponentRegistrar" />
203-->[com.google.firebase:firebase-firestore:24.2.1] AndroidManifest.xml:22:17-82
204            <meta-data
204-->[com.google.firebase:firebase-datatransport:18.1.5] AndroidManifest.xml:28:13-30:85
205                android:name="com.google.firebase.components:com.google.firebase.datatransport.TransportRegistrar"
205-->[com.google.firebase:firebase-datatransport:18.1.5] AndroidManifest.xml:29:17-115
206                android:value="com.google.firebase.components.ComponentRegistrar" />
206-->[com.google.firebase:firebase-datatransport:18.1.5] AndroidManifest.xml:30:17-82
207            <meta-data
207-->[com.google.firebase:firebase-storage:20.0.1] AndroidManifest.xml:33:13-35:85
208                android:name="com.google.firebase.components:com.google.firebase.storage.StorageRegistrar"
208-->[com.google.firebase:firebase-storage:20.0.1] AndroidManifest.xml:34:17-107
209                android:value="com.google.firebase.components.ComponentRegistrar" />
209-->[com.google.firebase:firebase-storage:20.0.1] AndroidManifest.xml:35:17-82
210            <meta-data
210-->[com.google.android.gms:play-services-measurement-api:21.1.0] AndroidManifest.xml:31:13-33:85
211                android:name="com.google.firebase.components:com.google.firebase.analytics.connector.internal.AnalyticsConnectorRegistrar"
211-->[com.google.android.gms:play-services-measurement-api:21.1.0] AndroidManifest.xml:32:17-139
212                android:value="com.google.firebase.components.ComponentRegistrar" />
212-->[com.google.android.gms:play-services-measurement-api:21.1.0] AndroidManifest.xml:33:17-82
213            <meta-data
213-->[com.google.firebase:firebase-installations:17.0.1] AndroidManifest.xml:18:13-20:85
214                android:name="com.google.firebase.components:com.google.firebase.installations.FirebaseInstallationsRegistrar"
214-->[com.google.firebase:firebase-installations:17.0.1] AndroidManifest.xml:19:17-127
215                android:value="com.google.firebase.components.ComponentRegistrar" />
215-->[com.google.firebase:firebase-installations:17.0.1] AndroidManifest.xml:20:17-82
216        </service>
217
218        <activity
218-->[com.google.firebase:firebase-auth:21.0.6] AndroidManifest.xml:27:9-44:20
219            android:name="com.google.firebase.auth.internal.GenericIdpActivity"
219-->[com.google.firebase:firebase-auth:21.0.6] AndroidManifest.xml:28:13-80
220            android:excludeFromRecents="true"
220-->[com.google.firebase:firebase-auth:21.0.6] AndroidManifest.xml:29:13-46
221            android:exported="true"
221-->[com.google.firebase:firebase-auth:21.0.6] AndroidManifest.xml:30:13-36
222            android:launchMode="singleTask"
222-->[com.google.firebase:firebase-auth:21.0.6] AndroidManifest.xml:31:13-44
223            android:theme="@android:style/Theme.Translucent.NoTitleBar" >
223-->[com.google.firebase:firebase-auth:21.0.6] AndroidManifest.xml:32:13-72
224            <intent-filter>
224-->[com.google.firebase:firebase-auth:21.0.6] AndroidManifest.xml:33:13-43:29
225                <action android:name="android.intent.action.VIEW" />
225-->[com.firebaseui:firebase-ui-auth:8.0.0] AndroidManifest.xml:91:17-69
225-->[com.firebaseui:firebase-ui-auth:8.0.0] AndroidManifest.xml:91:25-66
226
227                <category android:name="android.intent.category.DEFAULT" />
227-->[com.firebaseui:firebase-ui-auth:8.0.0] AndroidManifest.xml:93:17-76
227-->[com.firebaseui:firebase-ui-auth:8.0.0] AndroidManifest.xml:93:27-73
228                <category android:name="android.intent.category.BROWSABLE" />
228-->[com.firebaseui:firebase-ui-auth:8.0.0] AndroidManifest.xml:94:17-78
228-->[com.firebaseui:firebase-ui-auth:8.0.0] AndroidManifest.xml:94:27-75
229
230                <data
230-->[com.firebaseui:firebase-ui-auth:8.0.0] AndroidManifest.xml:96:17-81
231                    android:host="firebase.auth"
232                    android:path="/"
233                    android:scheme="genericidp" />
233-->[com.firebaseui:firebase-ui-auth:8.0.0] AndroidManifest.xml:96:23-78
234            </intent-filter>
235        </activity>
236        <activity
236-->[com.google.firebase:firebase-auth:21.0.6] AndroidManifest.xml:45:9-62:20
237            android:name="com.google.firebase.auth.internal.RecaptchaActivity"
237-->[com.google.firebase:firebase-auth:21.0.6] AndroidManifest.xml:46:13-79
238            android:excludeFromRecents="true"
238-->[com.google.firebase:firebase-auth:21.0.6] AndroidManifest.xml:47:13-46
239            android:exported="true"
239-->[com.google.firebase:firebase-auth:21.0.6] AndroidManifest.xml:48:13-36
240            android:launchMode="singleTask"
240-->[com.google.firebase:firebase-auth:21.0.6] AndroidManifest.xml:49:13-44
241            android:theme="@android:style/Theme.Translucent.NoTitleBar" >
241-->[com.google.firebase:firebase-auth:21.0.6] AndroidManifest.xml:50:13-72
242            <intent-filter>
242-->[com.google.firebase:firebase-auth:21.0.6] AndroidManifest.xml:51:13-61:29
243                <action android:name="android.intent.action.VIEW" />
243-->[com.firebaseui:firebase-ui-auth:8.0.0] AndroidManifest.xml:91:17-69
243-->[com.firebaseui:firebase-ui-auth:8.0.0] AndroidManifest.xml:91:25-66
244
245                <category android:name="android.intent.category.DEFAULT" />
245-->[com.firebaseui:firebase-ui-auth:8.0.0] AndroidManifest.xml:93:17-76
245-->[com.firebaseui:firebase-ui-auth:8.0.0] AndroidManifest.xml:93:27-73
246                <category android:name="android.intent.category.BROWSABLE" />